<?xml version="1.0" encoding="UTF-8"?>
<!-- Generated by org.testng.reporters.JUnitXMLReporter -->
<testsuite hostname="LAPTOP-CU870VSL" ignored="0" name="HappyPath" tests="4" failures="1" timestamp="11 Dec 2018 21:29:27 GMT" time="188.411" errors="0">
  <testcase name="onBoradingAction" time="24.713" classname="com.monsanto.TestScripts.TestScriptFarmRise"/>
  <testcase name="navigateWeatherAccessScreen" time="13.524" classname="com.monsanto.TestScripts.TestScriptFarmRise"/>
  <testcase name="navigateToGovernmentSchemesPage" time="4.371" classname="com.monsanto.TestScripts.TestScriptFarmRise"/>
  <testcase name="searchForKeyword" time="78.467" classname="com.monsanto.TestScripts.TestScriptFarmRise">
    <failure type="java.lang.AssertionError" message="expected [false] but found [true]">
      <![CDATA[java.lang.AssertionError: expected [false] but found [true]
	at com.monsanto.PageHelper.FarmRisePageHelper.verifyTheResult(FarmRisePageHelper.java:277)
	at com.monsanto.TestScripts.TestScriptFarmRise.searchForKeyword(TestScriptFarmRise.java:59)
... Removed 29 stack frames]]>
    </failure>
  </testcase> <!-- searchForKeyword -->
</testsuite> <!-- HappyPath -->
