<?xml version="1.0" encoding="UTF-8"?>
<testng-results skipped="0" failed="1" ignored="0" total="4" passed="3">
  <reporter-output>
    <line>
      <![CDATA[com.monsanto.TestScripts.TestScriptFarmRise and Test method onBoradingAction is going to execute...]]>
    </line>
    <line>
      <![CDATA[Tap on 'English' langauge icon.]]>
    </line>
    <line>
      <![CDATA[Tap on 'Proceed' button.]]>
    </line>
    <line>
      <![CDATA[Tap on 'Agreement & Conditions' button.]]>
    </line>
    <line>
      <![CDATA[Home icon is displayed and tap on OK icon.]]>
    </line>
    <line>
      <![CDATA[Mandi icon is displayed and tap on OK icon.]]>
    </line>
    <line>
      <![CDATA[Agronomy icon is displayed and tap on OK icon.]]>
    </line>
    <line>
      <![CDATA[Chat icon is displayed and tap on OK icon.]]>
    </line>
    <line>
      <![CDATA[Hamburger icon is displayed and tap on OK icon.]]>
    </line>
    <line>
      <![CDATA[Tap on Home icon..]]>
    </line>
    <line>
      <![CDATA[com.monsanto.TestScripts.TestScriptFarmRise and Test method navigateWeatherAccessScreen is going to execute...]]>
    </line>
    <line>
      <![CDATA[Tap on Access Weather Details..]]>
    </line>
    <line>
      <![CDATA[Successfully landed on 'Weather Details' screen..]]>
    </line>
    <line>
      <![CDATA[Successfully scroll till 9 PM text.]]>
    </line>
    <line>
      <![CDATA[com.monsanto.TestScripts.TestScriptFarmRise and Test method navigateToGovernmentSchemesPage is going to execute...]]>
    </line>
    <line>
      <![CDATA[Clicked on 'Hamburger' icon.]]>
    </line>
    <line>
      <![CDATA['Government Schemes' link is displayed and tap on the same..]]>
    </line>
    <line>
      <![CDATA[Successfully landed on 'Government Schemes' page..]]>
    </line>
    <line>
      <![CDATA[com.monsanto.TestScripts.TestScriptFarmRise and Test method searchForKeyword is going to execute...]]>
    </line>
    <line>
      <![CDATA[Tap on search icon..]]>
    </line>
    <line>
      <![CDATA[kisan keyword is entered into search text field..]]>
    </line>
    <line>
      <![CDATA[Tap on enter from keyboard..]]>
    </line>
    <line>
      <![CDATA[No item is displayed...]]>
    </line>
    <line>
      <![CDATA[<img src="file://C:\Users\Ahmer\Centralize\Appium\MonsantoAssignment\attachedScreenshot\searchForKeyword.png" alt="" width='300' height='500'/>]]>
    </line>
  </reporter-output>
  <suite name="MonsantoTest" duration-ms="188411" started-at="2018-12-11T21:26:19Z" finished-at="2018-12-11T21:29:27Z">
    <groups>
    </groups>
    <test name="HappyPath" duration-ms="188411" started-at="2018-12-11T21:26:19Z" finished-at="2018-12-11T21:29:27Z">
      <class name="com.monsanto.TestScripts.TestScriptFarmRise">
        <test-method status="PASS" signature="setUp(java.lang.String, java.lang.String, java.lang.String)[pri:0, instance:com.monsanto.TestScripts.TestScriptFarmRise@57536d79]" name="setUp" is-config="true" duration-ms="64135" started-at="2018-12-12T02:56:19Z" finished-at="2018-12-12T02:57:23Z">
          <params>
            <param index="0">
              <value>
                <![CDATA[55e9b522]]>
              </value>
            </param>
            <param index="1">
              <value>
                <![CDATA[6.0.1]]>
              </value>
            </param>
            <param index="2">
              <value>
                <![CDATA[base.apk]]>
              </value>
            </param>
          </params>
          <reporter-output>
          </reporter-output>
        </test-method> <!-- setUp -->
        <test-method status="PASS" signature="onBoradingAction()[pri:0, instance:com.monsanto.TestScripts.TestScriptFarmRise@57536d79]" name="onBoradingAction" duration-ms="24713" started-at="2018-12-12T02:57:23Z" finished-at="2018-12-12T02:57:48Z">
          <reporter-output>
            <line>
              <![CDATA[com.monsanto.TestScripts.TestScriptFarmRise and Test method onBoradingAction is going to execute...]]>
            </line>
            <line>
              <![CDATA[Tap on 'English' langauge icon.]]>
            </line>
            <line>
              <![CDATA[Tap on 'Proceed' button.]]>
            </line>
            <line>
              <![CDATA[Tap on 'Agreement & Conditions' button.]]>
            </line>
            <line>
              <![CDATA[Home icon is displayed and tap on OK icon.]]>
            </line>
            <line>
              <![CDATA[Mandi icon is displayed and tap on OK icon.]]>
            </line>
            <line>
              <![CDATA[Agronomy icon is displayed and tap on OK icon.]]>
            </line>
            <line>
              <![CDATA[Chat icon is displayed and tap on OK icon.]]>
            </line>
            <line>
              <![CDATA[Hamburger icon is displayed and tap on OK icon.]]>
            </line>
            <line>
              <![CDATA[Tap on Home icon..]]>
            </line>
          </reporter-output>
        </test-method> <!-- onBoradingAction -->
        <test-method status="PASS" signature="afterEachTestMethod(org.testng.ITestResult)[pri:0, instance:com.monsanto.TestScripts.TestScriptFarmRise@57536d79]" name="afterEachTestMethod" is-config="true" duration-ms="1" started-at="2018-12-12T02:57:48Z" finished-at="2018-12-12T02:57:48Z">
          <params>
            <param index="0">
              <value>
                <![CDATA[[TestResult name=onBoradingAction status=SUCCESS method=TestScriptFarmRise.onBoradingAction()[pri:0, instance:com.monsanto.TestScripts.TestScriptFarmRise@57536d79] output=com.monsanto.TestScripts.TestScriptFarmRise and Test method onBoradingAction is going to execute...]]]>
              </value>
            </param>
          </params>
          <reporter-output>
          </reporter-output>
        </test-method> <!-- afterEachTestMethod -->
        <test-method status="PASS" signature="navigateWeatherAccessScreen()[pri:0, instance:com.monsanto.TestScripts.TestScriptFarmRise@57536d79]" name="navigateWeatherAccessScreen" duration-ms="13524" started-at="2018-12-12T02:57:48Z" depends-on-methods="com.monsanto.TestScripts.TestScriptFarmRise.onBoradingAction" finished-at="2018-12-12T02:58:01Z">
          <reporter-output>
            <line>
              <![CDATA[com.monsanto.TestScripts.TestScriptFarmRise and Test method navigateWeatherAccessScreen is going to execute...]]>
            </line>
            <line>
              <![CDATA[Tap on Access Weather Details..]]>
            </line>
            <line>
              <![CDATA[Successfully landed on 'Weather Details' screen..]]>
            </line>
            <line>
              <![CDATA[Successfully scroll till 9 PM text.]]>
            </line>
          </reporter-output>
        </test-method> <!-- navigateWeatherAccessScreen -->
        <test-method status="PASS" signature="afterEachTestMethod(org.testng.ITestResult)[pri:0, instance:com.monsanto.TestScripts.TestScriptFarmRise@57536d79]" name="afterEachTestMethod" is-config="true" duration-ms="0" started-at="2018-12-12T02:58:01Z" finished-at="2018-12-12T02:58:01Z">
          <params>
            <param index="0">
              <value>
                <![CDATA[[TestResult name=navigateWeatherAccessScreen status=SUCCESS method=TestScriptFarmRise.navigateWeatherAccessScreen()[pri:0, instance:com.monsanto.TestScripts.TestScriptFarmRise@57536d79] output=com.monsanto.TestScripts.TestScriptFarmRise and Test method navigateWeatherAccessScreen is going to execute...]]]>
              </value>
            </param>
          </params>
          <reporter-output>
          </reporter-output>
        </test-method> <!-- afterEachTestMethod -->
        <test-method status="PASS" signature="navigateToGovernmentSchemesPage()[pri:0, instance:com.monsanto.TestScripts.TestScriptFarmRise@57536d79]" name="navigateToGovernmentSchemesPage" duration-ms="4371" started-at="2018-12-12T02:58:01Z" depends-on-methods="com.monsanto.TestScripts.TestScriptFarmRise.navigateWeatherAccessScreen" finished-at="2018-12-12T02:58:06Z">
          <reporter-output>
            <line>
              <![CDATA[com.monsanto.TestScripts.TestScriptFarmRise and Test method navigateToGovernmentSchemesPage is going to execute...]]>
            </line>
            <line>
              <![CDATA[Clicked on 'Hamburger' icon.]]>
            </line>
            <line>
              <![CDATA['Government Schemes' link is displayed and tap on the same..]]>
            </line>
            <line>
              <![CDATA[Successfully landed on 'Government Schemes' page..]]>
            </line>
          </reporter-output>
        </test-method> <!-- navigateToGovernmentSchemesPage -->
        <test-method status="PASS" signature="afterEachTestMethod(org.testng.ITestResult)[pri:0, instance:com.monsanto.TestScripts.TestScriptFarmRise@57536d79]" name="afterEachTestMethod" is-config="true" duration-ms="1" started-at="2018-12-12T02:58:06Z" finished-at="2018-12-12T02:58:06Z">
          <params>
            <param index="0">
              <value>
                <![CDATA[[TestResult name=navigateToGovernmentSchemesPage status=SUCCESS method=TestScriptFarmRise.navigateToGovernmentSchemesPage()[pri:0, instance:com.monsanto.TestScripts.TestScriptFarmRise@57536d79] output=com.monsanto.TestScripts.TestScriptFarmRise and Test method navigateToGovernmentSchemesPage is going to execute...]]]>
              </value>
            </param>
          </params>
          <reporter-output>
          </reporter-output>
        </test-method> <!-- afterEachTestMethod -->
        <test-method status="FAIL" signature="searchForKeyword()[pri:0, instance:com.monsanto.TestScripts.TestScriptFarmRise@57536d79]" name="searchForKeyword" duration-ms="78467" started-at="2018-12-12T02:58:06Z" depends-on-methods="com.monsanto.TestScripts.TestScriptFarmRise.navigateToGovernmentSchemesPage" finished-at="2018-12-12T02:59:24Z">
          <exception class="java.lang.AssertionError">
            <message>
              <![CDATA[expected [false] but found [true]]]>
            </message>
            <full-stacktrace>
              <![CDATA[java.lang.AssertionError: expected [false] but found [true]
	at org.testng.Assert.fail(Assert.java:93)
	at org.testng.Assert.failNotEquals(Assert.java:512)
	at org.testng.Assert.assertFalse(Assert.java:62)
	at org.testng.Assert.assertFalse(Assert.java:72)
	at com.monsanto.PageHelper.FarmRisePageHelper.verifyTheResult(FarmRisePageHelper.java:277)
	at com.monsanto.TestScripts.TestScriptFarmRise.searchForKeyword(TestScriptFarmRise.java:59)
	at sun.reflect.NativeMethodAccessorImpl.invoke0(Native Method)
	at sun.reflect.NativeMethodAccessorImpl.invoke(Unknown Source)
	at sun.reflect.DelegatingMethodAccessorImpl.invoke(Unknown Source)
	at java.lang.reflect.Method.invoke(Unknown Source)
	at org.testng.internal.MethodInvocationHelper.invokeMethod(MethodInvocationHelper.java:108)
	at org.testng.internal.Invoker.invokeMethod(Invoker.java:669)
	at org.testng.internal.Invoker.invokeTestMethod(Invoker.java:877)
	at org.testng.internal.Invoker.invokeTestMethods(Invoker.java:1201)
	at org.testng.internal.TestMethodWorker.invokeTestMethods(TestMethodWorker.java:125)
	at org.testng.internal.TestMethodWorker.run(TestMethodWorker.java:109)
	at org.testng.TestRunner.privateRun(TestRunner.java:776)
	at org.testng.TestRunner.run(TestRunner.java:634)
	at org.testng.SuiteRunner.runTest(SuiteRunner.java:425)
	at org.testng.SuiteRunner.runSequentially(SuiteRunner.java:420)
	at org.testng.SuiteRunner.privateRun(SuiteRunner.java:385)
	at org.testng.SuiteRunner.run(SuiteRunner.java:334)
	at org.testng.SuiteRunnerWorker.runSuite(SuiteRunnerWorker.java:52)
	at org.testng.SuiteRunnerWorker.run(SuiteRunnerWorker.java:86)
	at org.testng.TestNG.runSuitesSequentially(TestNG.java:1318)
	at org.testng.TestNG.runSuitesLocally(TestNG.java:1243)
	at org.testng.TestNG.runSuites(TestNG.java:1161)
	at org.testng.TestNG.run(TestNG.java:1129)
	at org.testng.remote.AbstractRemoteTestNG.run(AbstractRemoteTestNG.java:114)
	at org.testng.remote.RemoteTestNG.initAndRun(RemoteTestNG.java:251)
	at org.testng.remote.RemoteTestNG.main(RemoteTestNG.java:77)
]]>
            </full-stacktrace>
          </exception> <!-- java.lang.AssertionError -->
          <reporter-output>
            <line>
              <![CDATA[com.monsanto.TestScripts.TestScriptFarmRise and Test method searchForKeyword is going to execute...]]>
            </line>
            <line>
              <![CDATA[Tap on search icon..]]>
            </line>
            <line>
              <![CDATA[kisan keyword is entered into search text field..]]>
            </line>
            <line>
              <![CDATA[Tap on enter from keyboard..]]>
            </line>
            <line>
              <![CDATA[No item is displayed...]]>
            </line>
          </reporter-output>
        </test-method> <!-- searchForKeyword -->
        <test-method status="PASS" signature="afterEachTestMethod(org.testng.ITestResult)[pri:0, instance:com.monsanto.TestScripts.TestScriptFarmRise@57536d79]" name="afterEachTestMethod" is-config="true" duration-ms="2250" started-at="2018-12-12T02:59:24Z" finished-at="2018-12-12T02:59:26Z">
          <params>
            <param index="0">
              <value>
                <![CDATA[[TestResult name=searchForKeyword status=FAILURE method=TestScriptFarmRise.searchForKeyword()[pri:0, instance:com.monsanto.TestScripts.TestScriptFarmRise@57536d79] output=com.monsanto.TestScripts.TestScriptFarmRise and Test method searchForKeyword is going to execute...]]]>
              </value>
            </param>
          </params>
          <reporter-output>
            <line>
              <![CDATA[<img src="file://C:\Users\Ahmer\Centralize\Appium\MonsantoAssignment\attachedScreenshot\searchForKeyword.png" alt="" width='300' height='500'/>]]>
            </line>
          </reporter-output>
        </test-method> <!-- afterEachTestMethod -->
        <test-method status="PASS" signature="aftertest()[pri:0, instance:com.monsanto.TestScripts.TestScriptFarmRise@57536d79]" name="aftertest" is-config="true" duration-ms="901" started-at="2018-12-12T02:59:26Z" finished-at="2018-12-12T02:59:27Z">
          <reporter-output>
          </reporter-output>
        </test-method> <!-- aftertest -->
      </class> <!-- com.monsanto.TestScripts.TestScriptFarmRise -->
    </test> <!-- HappyPath -->
  </suite> <!-- MonsantoTest -->
</testng-results>
